<?xml version="1.0" encoding="UTF-8"?>
<!-- Generated by org.testng.reporters.JUnitReportReporter -->
<testsuite hostname="DongDuy" failures="0" tests="1" name="com.poly.test.CheckPasswordTest" time="4.314" errors="0" timestamp="2024-04-05T20:40:08 ICT" skipped="0">
  <testcase classname="com.poly.test.CheckPasswordTest" name="TC_QLTS_QUENMATKHAU_1" time="4.314"/>
  <system-out/>
</testsuite> <!-- com.poly.test.CheckPasswordTest -->
