<?xml version="1.0" encoding="UTF-8"?>
<!-- Generated by org.testng.reporters.JUnitReportReporter -->
<testsuite hostname="DongDuy" failures="0" tests="1" name="com.poly.test.QLHDTest" time="1.017" errors="0" timestamp="2024-04-05T19:29:53 ICT" skipped="0">
  <testcase classname="com.poly.test.QLHDTest" name="f" time="1.017"/>
  <system-out/>
</testsuite> <!-- com.poly.test.QLHDTest -->
